# JRE version: Java(TM) SE Runtime Environment (17.0.8+9) (build 17.0.8+9-LTS-211)
# Java VM: Java HotSpot(TM) 64-Bit Server VM (17.0.8+9-LTS-211, mixed mode, sharing, tiered, compressed oops, compressed class ptrs, g1 gc, windows-amd64)
GC Precious Log:
 CPUs: 8 total, 8 available
 Memory: 7914M
 Large Page Support: Disabled
 NUMA Support: Disabled
 Compressed Oops: Enabled (32-bit)
 Heap Region Size: 1M
 Heap Min Capacity: 8M
 Heap Initial Capacity: 124M
 Heap Max Capacity: 1980M
 Pre-touch: Disabled
 Parallel Workers: 8
 Concurrent Workers: 2
 Concurrent Refinement Workers: 8
 Periodic GC: Disabled
Heap:
 garbage-first heap   total 79872K, used 25395K [0x0000000084400000, 0x0000000100000000)
  region size 1024K, 7 young (7168K), 6 survivors (6144K)
 Metaspace       used 58229K, committed 58752K, reserved 1114112K
  class space    used 8208K, committed 8448K, reserved 1048576K
GC Heap History (20 events):
Event: 3.515 GC heap before
{Heap before GC invocations=2 (full 0):
 garbage-first heap   total 126976K, used 54202K [0x0000000084400000, 0x0000000100000000)
  region size 1024K, 47 young (48128K), 3 survivors (3072K)
 Metaspace       used 21220K, committed 21504K, reserved 1114112K
  class space    used 2759K, committed 2880K, reserved 1048576K
}
Event: 3.532 GC heap after
{Heap after GC invocations=3 (full 0):
 garbage-first heap   total 126976K, used 12759K [0x0000000084400000, 0x0000000100000000)
  region size 1024K, 6 young (6144K), 6 survivors (6144K)
 Metaspace       used 21220K, committed 21504K, reserved 1114112K
  class space    used 2759K, committed 2880K, reserved 1048576K
}
Event: 4.636 GC heap before
{Heap before GC invocations=4 (full 0):
 garbage-first heap   total 48128K, used 35287K [0x0000000084400000, 0x0000000100000000)
  region size 1024K, 28 young (28672K), 6 survivors (6144K)
 Metaspace       used 27619K, committed 27968K, reserved 1114112K
  class space    used 3647K, committed 3840K, reserved 1048576K
}
Event: 4.653 GC heap after
{Heap after GC invocations=5 (full 0):
 garbage-first heap   total 48128K, used 15140K [0x0000000084400000, 0x0000000100000000)
  region size 1024K, 3 young (3072K), 3 survivors (3072K)
 Metaspace       used 27619K, committed 27968K, reserved 1114112K
  class space    used 3647K, committed 3840K, reserved 1048576K
}
Event: 4.689 GC heap before
{Heap before GC invocations=5 (full 0):
 garbage-first heap   total 48128K, used 16164K [0x0000000084400000, 0x0000000100000000)
  region size 1024K, 4 young (4096K), 3 survivors (3072K)
 Metaspace       used 27852K, committed 28224K, reserved 1114112K
  class space    used 3681K, committed 3840K, reserved 1048576K
}
Event: 4.698 GC heap after
{Heap after GC invocations=6 (full 0):
 garbage-first heap   total 48128K, used 15303K [0x0000000084400000, 0x0000000100000000)
  region size 1024K, 1 young (1024K), 1 survivors (1024K)
 Metaspace       used 27852K, committed 28224K, reserved 1114112K
  class space    used 3681K, committed 3840K, reserved 1048576K
}
Event: 5.291 GC heap before
{Heap before GC invocations=6 (full 0):
 garbage-first heap   total 48128K, used 33735K [0x0000000084400000, 0x0000000100000000)
  region size 1024K, 19 young (19456K), 1 survivors (1024K)
 Metaspace       used 32448K, committed 32768K, reserved 1114112K
  class space    used 4256K, committed 4416K, reserved 1048576K
}
Event: 5.295 GC heap after
{Heap after GC invocations=7 (full 0):
 garbage-first heap   total 48128K, used 15640K [0x0000000084400000, 0x0000000100000000)
  region size 1024K, 1 young (1024K), 1 survivors (1024K)
 Metaspace       used 32448K, committed 32768K, reserved 1114112K
  class space    used 4256K, committed 4416K, reserved 1048576K
}
Event: 5.580 GC heap before
{Heap before GC invocations=7 (full 0):
 garbage-first heap   total 48128K, used 27928K [0x0000000084400000, 0x0000000100000000)
  region size 1024K, 15 young (15360K), 1 survivors (1024K)
 Metaspace       used 35798K, committed 36224K, reserved 1114112K
  class space    used 4649K, committed 4800K, reserved 1048576K
}
Event: 5.583 GC heap after
{Heap after GC invocations=8 (full 0):
 garbage-first heap   total 48128K, used 16078K [0x0000000084400000, 0x0000000100000000)
  region size 1024K, 2 young (2048K), 2 survivors (2048K)
 Metaspace       used 35798K, committed 36224K, reserved 1114112K
  class space    used 4649K, committed 4800K, reserved 1048576K
}
Event: 6.169 GC heap before
{Heap before GC invocations=9 (full 0):
 garbage-first heap   total 48128K, used 34510K [0x0000000084400000, 0x0000000100000000)
  region size 1024K, 21 young (21504K), 2 survivors (2048K)
 Metaspace       used 41189K, committed 41536K, reserved 1114112K
  class space    used 5602K, committed 5760K, reserved 1048576K
}
Event: 6.175 GC heap after
{Heap after GC invocations=10 (full 0):
 garbage-first heap   total 48128K, used 17016K [0x0000000084400000, 0x0000000100000000)
  region size 1024K, 3 young (3072K), 3 survivors (3072K)
 Metaspace       used 41189K, committed 41536K, reserved 1114112K
  class space    used 5602K, committed 5760K, reserved 1048576K
}
Event: 6.698 GC heap before
{Heap before GC invocations=10 (full 0):
 garbage-first heap   total 48128K, used 34424K [0x0000000084400000, 0x0000000100000000)
  region size 1024K, 21 young (21504K), 3 survivors (3072K)
 Metaspace       used 45411K, committed 45824K, reserved 1114112K
  class space    used 6270K, committed 6464K, reserved 1048576K
}
Event: 6.705 GC heap after
{Heap after GC invocations=11 (full 0):
 garbage-first heap   total 48128K, used 17940K [0x0000000084400000, 0x0000000100000000)
  region size 1024K, 3 young (3072K), 3 survivors (3072K)
 Metaspace       used 45411K, committed 45824K, reserved 1114112K
  class space    used 6270K, committed 6464K, reserved 1048576K
}
Event: 7.320 GC heap before
{Heap before GC invocations=11 (full 0):
 garbage-first heap   total 48128K, used 35348K [0x0000000084400000, 0x0000000100000000)
  region size 1024K, 21 young (21504K), 3 survivors (3072K)
 Metaspace       used 48970K, committed 49408K, reserved 1114112K
  class space    used 6682K, committed 6848K, reserved 1048576K
}
Event: 7.330 GC heap after
{Heap after GC invocations=12 (full 0):
 garbage-first heap   total 79872K, used 19987K [0x0000000084400000, 0x0000000100000000)
  region size 1024K, 3 young (3072K), 3 survivors (3072K)
 Metaspace       used 48970K, committed 49408K, reserved 1114112K
  class space    used 6682K, committed 6848K, reserved 1048576K
}
Event: 8.062 GC heap before
{Heap before GC invocations=12 (full 0):
 garbage-first heap   total 79872K, used 60947K [0x0000000084400000, 0x0000000100000000)
  region size 1024K, 43 young (44032K), 3 survivors (3072K)
 Metaspace       used 53988K, committed 54464K, reserved 1114112K
  class space    used 7585K, committed 7808K, reserved 1048576K
}
Event: 8.075 GC heap after
{Heap after GC invocations=13 (full 0):
 garbage-first heap   total 79872K, used 22581K [0x0000000084400000, 0x0000000100000000)
  region size 1024K, 6 young (6144K), 6 survivors (6144K)
 Metaspace       used 53988K, committed 54464K, reserved 1114112K
  class space    used 7585K, committed 7808K, reserved 1048576K
}
Event: 30.572 GC heap before
{Heap before GC invocations=13 (full 0):
 garbage-first heap   total 79872K, used 60469K [0x0000000084400000, 0x0000000100000000)
  region size 1024K, 44 young (45056K), 6 survivors (6144K)
 Metaspace       used 58205K, committed 58688K, reserved 1114112K
  class space    used 8203K, committed 8448K, reserved 1048576K
}
Event: 30.706 GC heap after
{Heap after GC invocations=14 (full 0):
 garbage-first heap   total 79872K, used 25395K [0x0000000084400000, 0x0000000100000000)
  region size 1024K, 6 young (6144K), 6 survivors (6144K)
 Metaspace       used 58205K, committed 58688K, reserved 1114112K
  class space    used 8203K, committed 8448K, reserved 1048576K
}

